{
  "RSpec": {
    "coverage": {
      "/Users/apprentice/week-7/dbc-pitch-day-voting/spec/controllers/users_controller_spec.rb": [
        1,
        null,
        1,
        1,
        1,
        null,
        1,
        1,
        null,
        null,
        null
      ],
      "/Users/apprentice/week-7/dbc-pitch-day-voting/spec/rails_helper.rb": [
        null,
        1,
        1,
        1,
        null,
        1,
        1,
        1,
        null,
        null,
        null,
        null,
        null,
        null,
        null,
        null,
        null,
        null,
        null,
        null,
        null,
        null,
        null,
        null,
        null,
        null,
        null,
        1,
        null,
        1,
        null,
        1,
        null,
        null,
        null,
        null,
        1,
        null,
        null,
        null,
        null,
        null,
        null,
        null,
        null,
        null,
        null,
        null,
        null,
        null,
        null,
        1,
        null,
        null,
        1,
        null,
        null,
        null
      ],
      "/Users/apprentice/week-7/dbc-pitch-day-voting/config/environment.rb": [
        null,
        1,
        null,
        null,
        1
      ],
      "/Users/apprentice/week-7/dbc-pitch-day-voting/config/application.rb": [
        1,
        null,
        1,
        null,
        1,
        1,
        1,
        1,
        1,
        1,
        1,
        1,
        null,
        null,
        null,
        null,
        1,
        null,
        1,
        null,
        1,
        1,
        null,
        1,
        null,
        null,
        null,
        null,
        null,
        null,
        1,
        null,
        null
      ],
      "/Users/apprentice/week-7/dbc-pitch-day-voting/config/boot.rb": [
        1,
        null,
        1
      ],
      "/Users/apprentice/week-7/dbc-pitch-day-voting/config/spring.rb": [
        null,
        null,
        null,
        null,
        null,
        5
      ],
      "/Users/apprentice/week-7/dbc-pitch-day-voting/config/environments/test.rb": [
        1,
        null,
        null,
        null,
        null,
        null,
        null,
        1,
        null,
        null,
        null,
        null,
        1,
        null,
        null,
        1,
        1,
        null,
        null,
        null,
        null,
        1,
        1,
        null,
        null,
        1,
        null,
        null,
        1,
        1,
        null,
        null,
        null,
        null,
        1,
        null,
        null,
        1,
        null,
        null,
        null,
        null
      ],
      "/Users/apprentice/week-7/dbc-pitch-day-voting/config/initializers/application_controller_renderer.rb": [
        null,
        null,
        null,
        null,
        null,
        null
      ],
      "/Users/apprentice/week-7/dbc-pitch-day-voting/config/initializers/assets.rb": [
        null,
        null,
        null,
        1,
        null,
        null,
        null,
        null,
        1,
        null,
        null,
        null,
        null,
        null
      ],
      "/Users/apprentice/week-7/dbc-pitch-day-voting/config/initializers/backtrace_silencers.rb": [
        null,
        null,
        null,
        null,
        null,
        null,
        null
      ],
      "/Users/apprentice/week-7/dbc-pitch-day-voting/config/initializers/cookies_serializer.rb": [
        null,
        null,
        null,
        null,
        1
      ],
      "/Users/apprentice/week-7/dbc-pitch-day-voting/config/initializers/filter_parameter_logging.rb": [
        null,
        null,
        null,
        1
      ],
      "/Users/apprentice/week-7/dbc-pitch-day-voting/config/initializers/inflections.rb": [
        null,
        null,
        null,
        null,
        null,
        null,
        null,
        null,
        null,
        null,
        null,
        null,
        null,
        null,
        null,
        null
      ],
      "/Users/apprentice/week-7/dbc-pitch-day-voting/config/initializers/mime_types.rb": [
        null,
        null,
        null,
        null
      ],
      "/Users/apprentice/week-7/dbc-pitch-day-voting/config/initializers/omniauth.rb": [
        null,
        null,
        null,
        1,
        1,
        null
      ],
      "/Users/apprentice/week-7/dbc-pitch-day-voting/config/initializers/wrap_parameters.rb": [
        null,
        null,
        null,
        null,
        null,
        null,
        1,
        2,
        null,
        null,
        null,
        null,
        null,
        null
      ],
      "/Users/apprentice/week-7/dbc-pitch-day-voting/config/routes.rb": [
        1,
        null,
        1,
        1,
        null
      ],
      "/Users/apprentice/week-7/dbc-pitch-day-voting/app/helpers/application_helper.rb": [
        1,
        null
      ],
      "/Users/apprentice/week-7/dbc-pitch-day-voting/app/controllers/users_controller.rb": [
        1,
        1,
        1,
        null,
        null
      ],
      "/Users/apprentice/week-7/dbc-pitch-day-voting/app/controllers/application_controller.rb": [
        1,
        1,
        null
      ],
      "/Users/apprentice/week-7/dbc-pitch-day-voting/spec/features/github_login_feature_spec.rb": [

      ],
      "/Users/apprentice/week-7/dbc-pitch-day-voting/spec/models/user_spec.rb": [
        1,
        null,
        1,
        null,
        1,
        1,
        null,
        null,
        8,
        null,
        1,
        1,
        null,
        null,
        1,
        1,
        1,
        null,
        null,
        1,
        1,
        null,
        null,
        1,
        1,
        null,
        null,
        1,
        1,
        null,
        null,
        1,
        1,
        null,
        null,
        1,
        1,
        null,
        null,
        null,
        1,
        1,
        1,
        1,
        null,
        null,
        null,
        null,
        null,
        null,
        null,
        null,
        null,
        null,
        null,
        null,
        1,
        null,
        null,
        null,
        1,
        1,
        1,
        null,
        null,
        1,
        1,
        null,
        null,
        null,
        null,
        null,
        null,
        null,
        null,
        null,
        null,
        null,
        null,
        1,
        null,
        null,
        null,
        null
      ],
      "/Users/apprentice/week-7/dbc-pitch-day-voting/app/models/user.rb": [
        1,
        1,
        2,
        null,
        2,
        2,
        2,
        2,
        null,
        2,
        2,
        null,
        null
      ],
      "/Users/apprentice/week-7/dbc-pitch-day-voting/app/models/application_record.rb": [
        1,
        1,
        null
      ],
      "/Users/apprentice/week-7/dbc-pitch-day-voting/spec/routing/user_route_spec.rb": [
        1,
        null,
        1,
        1,
        1,
        null,
        null,
        null,
        null,
        null
      ]
    },
    "timestamp": 1500515956
  }
}
