{
  "RSpec": {
    "coverage": {
      "/home/dhnaranjo/dbc/week7/dbc-pitch-day-voting/spec/features/winning_projects_display_feature_spec.rb": [
        1,
        null,
        1,
        1,
        1,
        1,
        null,
        null,
        null,
        null,
        1,
        null,
        null,
        null,
        null,
        1,
        1,
        null,
        1,
        null,
        1,
        1,
        1,
        1,
        null,
        null,
        null
      ],
      "/home/dhnaranjo/dbc/week7/dbc-pitch-day-voting/spec/rails_helper.rb": [
        null,
        1,
        1,
        1,
        null,
        1,
        1,
        1,
        null,
        null,
        null,
        null,
        null,
        null,
        null,
        null,
        null,
        null,
        null,
        null,
        null,
        null,
        null,
        null,
        null,
        null,
        null,
        1,
        null,
        1,
        null,
        1,
        null,
        null,
        null,
        null,
        1,
        null,
        null,
        null,
        null,
        null,
        null,
        null,
        null,
        null,
        null,
        null,
        null,
        null,
        null,
        1,
        null,
        null,
        1,
        null,
        null,
        null
      ],
      "/home/dhnaranjo/dbc/week7/dbc-pitch-day-voting/config/environment.rb": [
        null,
        1,
        null,
        null,
        1
      ],
      "/home/dhnaranjo/dbc/week7/dbc-pitch-day-voting/config/application.rb": [
        1,
        null,
        1,
        null,
        1,
        1,
        1,
        1,
        1,
        1,
        1,
        1,
        null,
        null,
        null,
        null,
        1,
        null,
        1,
        null,
        1,
        1,
        null,
        1,
        null,
        null,
        null,
        null,
        null,
        null,
        1,
        null,
        null
      ],
      "/home/dhnaranjo/dbc/week7/dbc-pitch-day-voting/config/boot.rb": [
        1,
        null,
        1
      ],
      "/home/dhnaranjo/dbc/week7/dbc-pitch-day-voting/config/spring.rb": [
        null,
        null,
        null,
        null,
        null,
        5
      ],
      "/home/dhnaranjo/dbc/week7/dbc-pitch-day-voting/config/environments/test.rb": [
        1,
        null,
        null,
        null,
        null,
        null,
        null,
        1,
        null,
        null,
        null,
        null,
        1,
        null,
        null,
        1,
        1,
        null,
        null,
        null,
        null,
        1,
        1,
        null,
        null,
        1,
        null,
        null,
        1,
        1,
        null,
        null,
        null,
        null,
        1,
        null,
        null,
        1,
        null,
        null,
        null,
        null
      ],
      "/home/dhnaranjo/dbc/week7/dbc-pitch-day-voting/config/initializers/application_controller_renderer.rb": [
        null,
        null,
        null,
        null,
        null,
        null
      ],
      "/home/dhnaranjo/dbc/week7/dbc-pitch-day-voting/config/initializers/assets.rb": [
        null,
        null,
        null,
        1,
        null,
        null,
        null,
        null,
        1,
        null,
        null,
        null,
        null,
        null
      ],
      "/home/dhnaranjo/dbc/week7/dbc-pitch-day-voting/config/initializers/backtrace_silencers.rb": [
        null,
        null,
        null,
        null,
        null,
        null,
        null
      ],
      "/home/dhnaranjo/dbc/week7/dbc-pitch-day-voting/config/initializers/cookies_serializer.rb": [
        null,
        null,
        null,
        null,
        1
      ],
      "/home/dhnaranjo/dbc/week7/dbc-pitch-day-voting/config/initializers/filter_parameter_logging.rb": [
        null,
        null,
        null,
        1
      ],
      "/home/dhnaranjo/dbc/week7/dbc-pitch-day-voting/config/initializers/inflections.rb": [
        null,
        null,
        null,
        null,
        null,
        null,
        null,
        null,
        null,
        null,
        null,
        null,
        null,
        null,
        null,
        null
      ],
      "/home/dhnaranjo/dbc/week7/dbc-pitch-day-voting/config/initializers/mime_types.rb": [
        null,
        null,
        null,
        null
      ],
      "/home/dhnaranjo/dbc/week7/dbc-pitch-day-voting/config/initializers/wrap_parameters.rb": [
        null,
        null,
        null,
        null,
        null,
        null,
        1,
        2,
        null,
        null,
        null,
        null,
        null,
        null
      ],
      "/home/dhnaranjo/dbc/week7/dbc-pitch-day-voting/config/routes.rb": [
        1,
        1,
        null
      ],
      "/home/dhnaranjo/dbc/week7/dbc-pitch-day-voting/app/helpers/application_helper.rb": [
        1,
        null
      ],
      "/home/dhnaranjo/dbc/week7/dbc-pitch-day-voting/app/models/pitch.rb": [
        1,
        null,
        null
      ],
      "/home/dhnaranjo/dbc/week7/dbc-pitch-day-voting/app/models/application_record.rb": [
        1,
        1,
        null
      ],
      "/home/dhnaranjo/dbc/week7/dbc-pitch-day-voting/app/controllers/pitches_controller.rb": [
        1,
        1,
        1,
        null,
        null
      ],
      "/home/dhnaranjo/dbc/week7/dbc-pitch-day-voting/app/controllers/application_controller.rb": [
        1,
        1,
        null
      ]
    },
    "timestamp": 1500510619
  }
}
